<?xml version="1.0" encoding="UTF-8"?>
<!-- Generated by org.testng.reporters.JUnitReportReporter -->
<testsuite skipped="0" hostname="Greens-15-PC" name="org.Test.Samp_1" tests="5" failures="0" timestamp="22 Jun 2018 05:17:58 GMT" time="0.031" errors="0">
  <testcase name="e" time="0.016" classname="org.Test.Samp_1"/>
  <testcase name="d" time="0.000" classname="org.Test.Samp_1"/>
  <testcase name="b" time="0.000" classname="org.Test.Samp_1"/>
  <testcase name="c" time="0.015" classname="org.Test.Samp_1"/>
  <testcase name="a" time="0.000" classname="org.Test.Samp_1"/>
</testsuite> <!-- org.Test.Samp_1 -->
