<?xml version="1.0" encoding="UTF-8"?>
<!-- Generated by org.testng.reporters.JUnitReportReporter -->
<testsuite skipped="0" hostname="Greens-15-PC" name="org.Test.Samp_2" tests="2" failures="0" timestamp="22 Jun 2018 05:16:27 GMT" time="0.031" errors="0">
  <testcase name="e" time="0.016" classname="org.Test.Samp_2"/>
  <testcase name="d" time="0.015" classname="org.Test.Samp_2"/>
</testsuite> <!-- org.Test.Samp_2 -->
