<?xml version="1.0" encoding="UTF-8"?>
<!-- Generated by org.testng.reporters.JUnitReportReporter -->
<testsuite skipped="0" hostname="Greens-15-PC" name="org.Test.Sample" tests="1" failures="0" timestamp="21 Jun 2018 05:11:41 GMT" time="0.016" errors="0">
  <testcase name="rollno" time="0.016" classname="org.Test.Sample"/>
</testsuite> <!-- org.Test.Sample -->
